enabler/build/outputs/logs/manifest-merger-debug-report.txt
-- Merging decision tree log ---
manifest
ADDED from AndroidManifest.xml:2:1
	package
		ADDED from AndroidManifest.xml:6:5
	android:versionName
		ADDED from AndroidManifest.xml:5:5
	android:versionCode
		ADDED from AndroidManifest.xml:4:5
		INJECTED from AndroidManifest.xml:0:0
		INJECTED from AndroidManifest.xml:0:0
	xmlns:android
		ADDED from AndroidManifest.xml:3:5
uses-permission#android.permission.RECEIVE_BOOT_COMPLETED
ADDED from AndroidManifest.xml:8:3
	android:name
		ADDED from AndroidManifest.xml:8:20
uses-permission#android.permission.WRITE_EXTERNAL_STORAGE
ADDED from AndroidManifest.xml:9:3
	android:name
		ADDED from AndroidManifest.xml:9:20
uses-permission#android.permission.ACCESS_FINE_LOCATION
ADDED from AndroidManifest.xml:10:3
MERGED from openxc-android:openxc:unspecified:12:5
	android:name
		ADDED from AndroidManifest.xml:10:20
uses-permission#android.permission.ACCESS_MOCK_LOCATION
ADDED from AndroidManifest.xml:11:3
MERGED from openxc-android:openxc:unspecified:11:5
	android:name
		ADDED from AndroidManifest.xml:11:20
uses-permission#android.permission.INTERNET
ADDED from AndroidManifest.xml:12:3
	android:name
		ADDED from AndroidManifest.xml:12:20
uses-permission#android.permission.ACCESS_NETWORK_STATE
ADDED from AndroidManifest.xml:13:3
	android:name
		ADDED from AndroidManifest.xml:13:20
uses-permission#android.permission.WAKE_LOCK
ADDED from AndroidManifest.xml:14:3
	android:name
		ADDED from AndroidManifest.xml:14:20
uses-permission#android.permission.BLUETOOTH
ADDED from AndroidManifest.xml:15:3
	android:name
		ADDED from AndroidManifest.xml:15:20
uses-permission#android.permission.BLUETOOTH_ADMIN
ADDED from AndroidManifest.xml:16:3
	android:name
		ADDED from AndroidManifest.xml:16:20
uses-feature#android.hardware.usb.host
ADDED from AndroidManifest.xml:17:3
	android:required
		ADDED from AndroidManifest.xml:17:58
	android:name
		ADDED from AndroidManifest.xml:17:17
uses-sdk
ADDED from AndroidManifest.xml:18:3
MERGED from openxc-android:openxc:unspecified:7:5
	android:targetSdkVersion
		ADDED from AndroidManifest.xml:19:7
	android:minSdkVersion
		ADDED from AndroidManifest.xml:18:13
application
ADDED from AndroidManifest.xml:21:3
	android:label
		ADDED from AndroidManifest.xml:21:123
	android:debuggable
		ADDED from AndroidManifest.xml:21:43
	android:allowBackup
		ADDED from AndroidManifest.xml:21:16
	android:icon
		ADDED from AndroidManifest.xml:21:70
service#com.openxc.enabler.preferences.PreferenceManagerService
ADDED from AndroidManifest.xml:22:7
	android:name
		ADDED from AndroidManifest.xml:22:16
service#com.openxc.VehicleManager
ADDED from AndroidManifest.xml:23:7
	android:name
		ADDED from AndroidManifest.xml:23:16
service#com.openxc.remote.VehicleService
ADDED from AndroidManifest.xml:24:7
	android:process
		ADDED from AndroidManifest.xml:24:64
	android:name
		ADDED from AndroidManifest.xml:24:16
intent-filter#com.openxc.remote.VehicleService
ADDED from AndroidManifest.xml:25:11
action#com.openxc.remote.VehicleService
ADDED from AndroidManifest.xml:26:15
	android:name
		ADDED from AndroidManifest.xml:26:23
activity#com.openxc.enabler.OpenXcEnablerActivity
ADDED from AndroidManifest.xml:30:7
	android:launchMode
		ADDED from AndroidManifest.xml:30:17
	android:name
		ADDED from AndroidManifest.xml:30:49
intent-filter#android.intent.action.MAIN+android.intent.category.LAUNCHER
ADDED from AndroidManifest.xml:31:11
action#android.intent.action.MAIN
ADDED from AndroidManifest.xml:32:15
	android:name
		ADDED from AndroidManifest.xml:32:23
category#android.intent.category.LAUNCHER
ADDED from AndroidManifest.xml:33:15
	android:name
		ADDED from AndroidManifest.xml:33:25
activity#com.openxc.enabler.SettingsActivity
ADDED from AndroidManifest.xml:37:7
	android:name
		ADDED from AndroidManifest.xml:37:17
activity#com.openxc.enabler.CanMessageDetailActivity
ADDED from AndroidManifest.xml:38:7
	android:name
		ADDED from AndroidManifest.xml:38:17
activity#com.openxc.interfaces.usb.UsbDeviceAttachmentActivity
ADDED from AndroidManifest.xml:40:7
	android:name
		ADDED from AndroidManifest.xml:40:17
intent-filter#android.hardware.usb.action.USB_DEVICE_ATTACHED
ADDED from AndroidManifest.xml:41:13
action#android.hardware.usb.action.USB_DEVICE_ATTACHED
ADDED from AndroidManifest.xml:42:17
	android:name
		ADDED from AndroidManifest.xml:42:25
meta-data#android.hardware.usb.action.USB_DEVICE_ATTACHED
ADDED from AndroidManifest.xml:45:13
	android:resource
		ADDED from AndroidManifest.xml:45:87
	android:name
		ADDED from AndroidManifest.xml:45:24
receiver#com.openxc.enabler.BootupReceiver
ADDED from AndroidManifest.xml:48:7
	android:name
		ADDED from AndroidManifest.xml:48:17
intent-filter#android.intent.action.BOOT_COMPLETED
ADDED from AndroidManifest.xml:49:11
action#android.intent.action.BOOT_COMPLETED
ADDED from AndroidManifest.xml:50:15
	android:name
		ADDED from AndroidManifest.xml:50:23
receiver#com.openxc.enabler.BluetoothReceiver
ADDED from AndroidManifest.xml:54:7
	android:name
		ADDED from AndroidManifest.xml:54:17
intent-filter#android.bluetooth.device.action.ACL_CONNECTED
ADDED from AndroidManifest.xml:55:11
action#android.bluetooth.device.action.ACL_CONNECTED
ADDED from AndroidManifest.xml:56:15
	android:name
		ADDED from AndroidManifest.xml:56:23
intent-filter#android.bluetooth.device.action.ACL_DISCONNECTED
ADDED from AndroidManifest.xml:58:11
action#android.bluetooth.device.action.ACL_DISCONNECTED
ADDED from AndroidManifest.xml:59:15
	android:name
		ADDED from AndroidManifest.xml:59:23
meta-data#com.bugsnag.token
ADDED from AndroidManifest.xml:62:7
	android:value
		ADDED from AndroidManifest.xml:62:51
	android:name
		ADDED from AndroidManifest.xml:62:18